c:\users\modder\source\repos\musicalplayer\musicalplayer\x64\debug\vc143.pdb
c:\users\modder\source\repos\musicalplayer\musicalplayer\x64\debug\.netframework,version=v4.7.2.assemblyattributes.obj
c:\users\modder\source\repos\musicalplayer\musicalplayer\x64\debug\myform.obj
c:\users\modder\source\repos\musicalplayer\x64\debug\musicalplayer.exe
c:\users\modder\source\repos\musicalplayer\x64\debug\musicalplayer.pdb
c:\users\modder\source\repos\musicalplayer\musicalplayer\x64\debug\musicalplayer.tlog\metagen.write.1.tlog
c:\users\modder\source\repos\musicalplayer\musicalplayer\x64\debug\musicalplayer.tlog\cl.command.1.tlog
c:\users\modder\source\repos\musicalplayer\musicalplayer\x64\debug\musicalplayer.tlog\cl.items.tlog
c:\users\modder\source\repos\musicalplayer\musicalplayer\x64\debug\musicalplayer.tlog\cl.read.1.tlog
c:\users\modder\source\repos\musicalplayer\musicalplayer\x64\debug\musicalplayer.tlog\cl.write.1.tlog
c:\users\modder\source\repos\musicalplayer\musicalplayer\x64\debug\musicalplayer.tlog\link.command.1.tlog
c:\users\modder\source\repos\musicalplayer\musicalplayer\x64\debug\musicalplayer.tlog\link.read.1.tlog
c:\users\modder\source\repos\musicalplayer\musicalplayer\x64\debug\musicalplayer.tlog\link.secondary.1.tlog
c:\users\modder\source\repos\musicalplayer\musicalplayer\x64\debug\musicalplayer.tlog\link.write.1.tlog
c:\users\modder\source\repos\musicalplayer\musicalplayer\x64\debug\musicalplayer.tlog\metagen.read.1.tlog
c:\users\modder\source\repos\musicalplayer\musicalplayer\x64\debug\musicalplayer.tlog\resgen.command.1.tlog
c:\users\modder\source\repos\musicalplayer\musicalplayer\x64\debug\musicalplayer.tlog\resgen.read.1.tlog
c:\users\modder\source\repos\musicalplayer\musicalplayer\x64\debug\musicalplayer.tlog\resgen.write.1.tlog
c:\users\modder\source\repos\musicalplayer\musicalplayer\x64\debug\musicalplayer.tlog\axinterop.wmplib.1.0.dll.metagen
c:\users\modder\source\repos\musicalplayer\musicalplayer\x64\debug\musicalplayer.tlog\interop.wmplib.1.0.dll.metagen
